  Check_Exit.cpp
  Class_Function.cpp
D:\Work\Новая папка\Biblio Convert Program\Biblio Convert Program\Class_Function.cpp(117,38): warning C4267: =: преобразование из "size_t" в "int"; возможна потеря данных
D:\Work\Новая папка\Biblio Convert Program\Biblio Convert Program\Class_Function.cpp(164,33): warning C4267: =: преобразование из "size_t" в "int"; возможна потеря данных
  Class_Type.cpp
  Converting.cpp
D:\Work\Новая папка\Biblio Convert Program\Biblio Convert Program\Converting.cpp(34,23): warning C4101: ex: неиспользованная локальная переменная
D:\Work\Новая папка\Biblio Convert Program\Biblio Convert Program\Converting.cpp(48,23): warning C4101: ex: неиспользованная локальная переменная
  Converting_Type.cpp
  Convert_Character_Data_Type.cpp
D:\Work\Новая папка\Biblio Convert Program\Biblio Convert Program\Convert_Character_Data_Type.cpp(61,2): warning C4996: 'wcstombs': This function or variable may be unsafe. Consider using wcstombs_s instead. To disable deprecation, use _CRT_SECURE_NO_WARNINGS. See online help for details.
  Finish_Form.cpp
  Function.cpp
  Info.cpp
  Start_Form.cpp
  .NETFramework,Version=v4.8.AssemblyAttributes.cpp
  Создание кода...
D:\Work\Новая папка\Biblio Convert Program\Biblio Convert Program\Convert_Character_Data_Type.cpp(23): warning C4172: возвращение адреса локальной или временной переменной : os
  Check_Exit.obj : обнаружен модуль MSIL; для MSIL последовательная компоновка отключена; выполняется полная компоновка
  Biblio Convert Program.vcxproj -> D:\Work\Новая папка\Biblio Convert Program\x64\Debug\Biblio Convert Program.exe
