d:\work\biblio_convert_program\biblio_convert_program\x64\release\biblioconvertprogram.check_exit.resources
d:\work\biblio_convert_program\biblio_convert_program\x64\release\biblioconvertprogram.converting.resources
d:\work\biblio_convert_program\biblio_convert_program\x64\release\biblioconvertprogram.converting_type.resources
d:\work\biblio_convert_program\biblio_convert_program\x64\release\biblioconvertprogram.finish_form.resources
d:\work\biblio_convert_program\biblio_convert_program\x64\release\biblioconvertprogram.info.resources
d:\work\biblio_convert_program\biblio_convert_program\x64\release\biblioconvertprogram.start_form.resources
d:\work\biblio_convert_program\biblio_convert_program\x64\release\vc142.pdb
d:\work\biblio_convert_program\biblio_convert_program\x64\release\.netframework,version=v4.8.assemblyattributes.obj
d:\work\biblio_convert_program\biblio_convert_program\x64\release\start_form.obj
d:\work\biblio_convert_program\biblio_convert_program\x64\release\info.obj
d:\work\biblio_convert_program\biblio_convert_program\x64\release\function.obj
d:\work\biblio_convert_program\biblio_convert_program\x64\release\finish_form.obj
d:\work\biblio_convert_program\biblio_convert_program\x64\release\convert_character_data_type.obj
d:\work\biblio_convert_program\biblio_convert_program\x64\release\converting_type.obj
d:\work\biblio_convert_program\biblio_convert_program\x64\release\converting.obj
d:\work\biblio_convert_program\biblio_convert_program\x64\release\class_type.obj
d:\work\biblio_convert_program\biblio_convert_program\x64\release\class_function.obj
d:\work\biblio_convert_program\biblio_convert_program\x64\release\check_exit.obj
d:\work\biblio_convert_program\x64\release\biblio_convert_program.exe
d:\work\biblio_convert_program\x64\release\biblio_convert_program.pdb
d:\work\biblio_convert_program\biblio_convert_program\x64\release\biblio_c.41f3687b.tlog\biblio_convert_program.write.1u.tlog
d:\work\biblio_convert_program\biblio_convert_program\x64\release\biblio_c.41f3687b.tlog\cl.command.1.tlog
d:\work\biblio_convert_program\biblio_convert_program\x64\release\biblio_c.41f3687b.tlog\cl.read.1.tlog
d:\work\biblio_convert_program\biblio_convert_program\x64\release\biblio_c.41f3687b.tlog\cl.write.1.tlog
d:\work\biblio_convert_program\biblio_convert_program\x64\release\biblio_c.41f3687b.tlog\link.command.1.tlog
d:\work\biblio_convert_program\biblio_convert_program\x64\release\biblio_c.41f3687b.tlog\link.read.1.tlog
d:\work\biblio_convert_program\biblio_convert_program\x64\release\biblio_c.41f3687b.tlog\link.write.1.tlog
d:\work\biblio_convert_program\biblio_convert_program\x64\release\biblio_c.41f3687b.tlog\metagen.read.1.tlog
d:\work\biblio_convert_program\biblio_convert_program\x64\release\biblio_c.41f3687b.tlog\metagen.write.1.tlog
