  Class_Type.cpp
D:\Work\Biblio_Convert_Program\Biblio_Convert_Program\Class_Function.h(51,39): warning C4458: объявление "file_name" скрывает член класса
D:\Work\Biblio_Convert_Program\Biblio_Convert_Program\Class_Function.h(49,17): message : см. объявление "Start_Convert::file_name"
D:\Work\Biblio_Convert_Program\Biblio_Convert_Program\Class_Type.cpp(39,4): warning C5205: Удаление абстрактного класса "ALL", имеющего невиртуальный деструктор, вызывает неопределенное поведение.
D:\Work\Biblio_Convert_Program\Biblio_Convert_Program\Class_Function.h(11): message : см. объявление "ALL"
D:\Work\Biblio_Convert_Program\Biblio_Convert_Program\Class_Type.cpp(48,65): warning C4458: объявление "name_open_file" скрывает член класса
D:\Work\Biblio_Convert_Program\Biblio_Convert_Program\Class_Type.h(24,9): message : см. объявление "Open_Variant_Convert::name_open_file"
D:\Work\Biblio_Convert_Program\Biblio_Convert_Program\Class_Type.cpp(50,65): warning C4458: объявление "name_save_file" скрывает член класса
D:\Work\Biblio_Convert_Program\Biblio_Convert_Program\Class_Type.h(24,25): message : см. объявление "Open_Variant_Convert::name_save_file"
  Converting.cpp
D:\Work\Biblio_Convert_Program\Biblio_Convert_Program\Class_Function.h(51,39): warning C4458: объявление "file_name" скрывает член класса
D:\Work\Biblio_Convert_Program\Biblio_Convert_Program\Class_Function.h(49,17): message : см. объявление "Start_Convert::file_name"
D:\Work\Biblio_Convert_Program\Biblio_Convert_Program\Converting.cpp(5,121): warning C4100: e: неиспользованный формальный параметр
D:\Work\Biblio_Convert_Program\Biblio_Convert_Program\Converting.cpp(5,94): warning C4100: sender: неиспользованный формальный параметр
D:\Work\Biblio_Convert_Program\Biblio_Convert_Program\Converting.cpp(17,23): warning C4101: ex: неиспользованная локальная переменная
D:\Work\Biblio_Convert_Program\Biblio_Convert_Program\Converting.cpp(20,121): warning C4100: e: неиспользованный формальный параметр
D:\Work\Biblio_Convert_Program\Biblio_Convert_Program\Converting.cpp(20,94): warning C4100: sender: неиспользованный формальный параметр
D:\Work\Biblio_Convert_Program\Biblio_Convert_Program\Converting.cpp(32,23): warning C4101: ex: неиспользованная локальная переменная
D:\Work\Biblio_Convert_Program\Biblio_Convert_Program\Converting.cpp(65,9): warning C5205: Удаление абстрактного класса "Variant_Convert", имеющего невиртуальный деструктор, вызывает неопределенное поведение.
D:\Work\Biblio_Convert_Program\Biblio_Convert_Program\Class_Type.h(11): message : см. объявление "Variant_Convert"
D:\Work\Biblio_Convert_Program\Biblio_Convert_Program\Converting.cpp(36,112): warning C4100: e: неиспользованный формальный параметр
D:\Work\Biblio_Convert_Program\Biblio_Convert_Program\Converting.cpp(36,85): warning C4100: sender: неиспользованный формальный параметр
D:\Work\Biblio_Convert_Program\Biblio_Convert_Program\Converting.cpp(73,143): warning C4100: e: неиспользованный формальный параметр
D:\Work\Biblio_Convert_Program\Biblio_Convert_Program\Converting.cpp(73,116): warning C4100: sender: неиспользованный формальный параметр
D:\Work\Biblio_Convert_Program\Biblio_Convert_Program\Converting.cpp(80,159): warning C4100: e: неиспользованный формальный параметр
D:\Work\Biblio_Convert_Program\Biblio_Convert_Program\Converting.cpp(80,132): warning C4100: sender: неиспользованный формальный параметр
D:\Work\Biblio_Convert_Program\Biblio_Convert_Program\Converting.cpp(87,110): warning C4100: e: неиспользованный формальный параметр
D:\Work\Biblio_Convert_Program\Biblio_Convert_Program\Converting.cpp(87,83): warning C4100: sender: неиспользованный формальный параметр
D:\Work\Biblio_Convert_Program\Biblio_Convert_Program\Converting.cpp(89,109): warning C4100: e: неиспользованный формальный параметр
D:\Work\Biblio_Convert_Program\Biblio_Convert_Program\Converting.cpp(89,82): warning C4100: sender: неиспользованный формальный параметр
D:\Work\Biblio_Convert_Program\Biblio_Convert_Program\Converting.cpp(91,109): warning C4100: e: неиспользованный формальный параметр
D:\Work\Biblio_Convert_Program\Biblio_Convert_Program\Converting.cpp(91,82): warning C4100: sender: неиспользованный формальный параметр
  Converting_Type.cpp
D:\Work\Biblio_Convert_Program\Biblio_Convert_Program\Class_Function.h(51,39): warning C4458: объявление "file_name" скрывает член класса
D:\Work\Biblio_Convert_Program\Biblio_Convert_Program\Class_Function.h(49,17): message : см. объявление "Start_Convert::file_name"
D:\Work\Biblio_Convert_Program\Biblio_Convert_Program\Converting_Type.cpp(3,127): warning C4100: e: неиспользованный формальный параметр
D:\Work\Biblio_Convert_Program\Biblio_Convert_Program\Converting_Type.cpp(3,100): warning C4100: sender: неиспользованный формальный параметр
D:\Work\Biblio_Convert_Program\Biblio_Convert_Program\Converting_Type.cpp(18,114): warning C4100: e: неиспользованный формальный параметр
D:\Work\Biblio_Convert_Program\Biblio_Convert_Program\Converting_Type.cpp(18,87): warning C4100: sender: неиспользованный формальный параметр
D:\Work\Biblio_Convert_Program\Biblio_Convert_Program\Converting_Type.cpp(20,114): warning C4100: e: неиспользованный формальный параметр
D:\Work\Biblio_Convert_Program\Biblio_Convert_Program\Converting_Type.cpp(20,87): warning C4100: sender: неиспользованный формальный параметр
D:\Work\Biblio_Convert_Program\Biblio_Convert_Program\Converting_Type.cpp(22,148): warning C4100: e: неиспользованный формальный параметр
D:\Work\Biblio_Convert_Program\Biblio_Convert_Program\Converting_Type.cpp(22,121): warning C4100: sender: неиспользованный формальный параметр
  Finish_Form.cpp
D:\Work\Biblio_Convert_Program\Biblio_Convert_Program\Class_Function.h(51,39): warning C4458: объявление "file_name" скрывает член класса
D:\Work\Biblio_Convert_Program\Biblio_Convert_Program\Class_Function.h(49,17): message : см. объявление "Start_Convert::file_name"
D:\Work\Biblio_Convert_Program\Biblio_Convert_Program\Finish_Form.cpp(3,110): warning C4100: e: неиспользованный формальный параметр
D:\Work\Biblio_Convert_Program\Biblio_Convert_Program\Finish_Form.cpp(3,83): warning C4100: sender: неиспользованный формальный параметр
D:\Work\Biblio_Convert_Program\Biblio_Convert_Program\Finish_Form.cpp(5,110): warning C4100: e: неиспользованный формальный параметр
D:\Work\Biblio_Convert_Program\Biblio_Convert_Program\Finish_Form.cpp(5,83): warning C4100: sender: неиспользованный формальный параметр
D:\Work\Biblio_Convert_Program\Biblio_Convert_Program\Finish_Form.cpp(7,112): warning C4100: e: неиспользованный формальный параметр
D:\Work\Biblio_Convert_Program\Biblio_Convert_Program\Finish_Form.cpp(7,85): warning C4100: sender: неиспользованный формальный параметр
D:\Work\Biblio_Convert_Program\Biblio_Convert_Program\Finish_Form.cpp(14,110): warning C4100: e: неиспользованный формальный параметр
D:\Work\Biblio_Convert_Program\Biblio_Convert_Program\Finish_Form.cpp(14,83): warning C4100: sender: неиспользованный формальный параметр
  Function.cpp
D:\Work\Biblio_Convert_Program\Biblio_Convert_Program\Function.cpp(25,144): warning C4239: нестандартное расширение: аргумент: преобразование "std::basic_string<char,std::char_traits<char>,std::allocator<char>>" в "std::string &"
D:\Work\Biblio_Convert_Program\Biblio_Convert_Program\Function.cpp(25,144): message : Неконстантная ссылка может быть связана только с левосторонним значением
  Start_Form.cpp
D:\Work\Biblio_Convert_Program\Biblio_Convert_Program\Class_Function.h(51,39): warning C4458: объявление "file_name" скрывает член класса
D:\Work\Biblio_Convert_Program\Biblio_Convert_Program\Class_Function.h(49,17): message : см. объявление "Start_Convert::file_name"
D:\Work\Biblio_Convert_Program\Biblio_Convert_Program\Start_Form.cpp(4,39): warning C4100: args: неиспользованный формальный параметр
D:\Work\Biblio_Convert_Program\Biblio_Convert_Program\Start_Form.cpp(5,26): warning C4189: win1251: локальная переменная инициализирована, но не использована
D:\Work\Biblio_Convert_Program\Biblio_Convert_Program\Start_Form.cpp(6,26): warning C4189: utf8: локальная переменная инициализирована, но не использована
D:\Work\Biblio_Convert_Program\Biblio_Convert_Program\Start_Form.cpp(18,109): warning C4100: e: неиспользованный формальный параметр
D:\Work\Biblio_Convert_Program\Biblio_Convert_Program\Start_Form.cpp(18,82): warning C4100: sender: неиспользованный формальный параметр
D:\Work\Biblio_Convert_Program\Biblio_Convert_Program\Start_Form.cpp(20,109): warning C4100: e: неиспользованный формальный параметр
D:\Work\Biblio_Convert_Program\Biblio_Convert_Program\Start_Form.cpp(20,82): warning C4100: sender: неиспользованный формальный параметр
D:\Work\Biblio_Convert_Program\Biblio_Convert_Program\Start_Form.cpp(22,108): warning C4100: e: неиспользованный формальный параметр
D:\Work\Biblio_Convert_Program\Biblio_Convert_Program\Start_Form.cpp(22,81): warning C4100: sender: неиспользованный формальный параметр
D:\Work\Biblio_Convert_Program\Biblio_Convert_Program\Start_Form.cpp(24,112): warning C4100: e: неиспользованный формальный параметр
D:\Work\Biblio_Convert_Program\Biblio_Convert_Program\Start_Form.cpp(24,85): warning C4100: sender: неиспользованный формальный параметр
  Создание кода...
D:\Work\Biblio_Convert_Program\Biblio_Convert_Program\Converting.cpp(64): warning C4701: использована потенциально неинициализированная локальная переменная "object"
D:\Work\Biblio_Convert_Program\Biblio_Convert_Program\Converting.cpp(64): warning C4703: используется потенциально неинициализированная локальная переменная-указатель "object"
D:\Work\Biblio_Convert_Program\Biblio_Convert_Program\Class_Type.cpp(38): warning C4701: использована потенциально неинициализированная локальная переменная "type_class"
D:\Work\Biblio_Convert_Program\Biblio_Convert_Program\Class_Type.cpp(38): warning C4703: используется потенциально неинициализированная локальная переменная-указатель "type_class"
  Check_Exit.obj : обнаружен модуль MSIL; для MSIL последовательная компоновка отключена; выполняется полная компоновка
  Biblio_Convert_Program.vcxproj -> D:\Work\Biblio_Convert_Program\x64\Release\Biblio_Convert_Program.exe
